This is pdfTeX, Version 3.1415926-2.3-1.40.12 (TeX Live 2011) (format=pdflatex 2011.7.3)  17 AUG 2012 16:00
entering extended mode
 \write18 enabled.
 %&-line parsing enabled.
**thesis_chapter_1.tex
(./thesis_chapter_1.tex
LaTeX2e <2009/09/24>
Babel <v3.8l> and hyphenation patterns for english, dumylang, nohyphenation, ge
rman-x-2009-06-19, ngerman-x-2009-06-19, afrikaans, ancientgreek, ibycus, arabi
c, armenian, basque, bulgarian, catalan, pinyin, coptic, croatian, czech, danis
h, dutch, ukenglish, usenglishmax, esperanto, estonian, ethiopic, farsi, finnis
h, french, galician, german, ngerman, swissgerman, monogreek, greek, hungarian,
 icelandic, assamese, bengali, gujarati, hindi, kannada, malayalam, marathi, or
iya, panjabi, tamil, telugu, indonesian, interlingua, irish, italian, kurmanji,
 lao, latin, latvian, lithuanian, mongolian, mongolianlmc, bokmal, nynorsk, pol
ish, portuguese, romanian, russian, sanskrit, serbian, serbianc, slovak, sloven
ian, spanish, swedish, turkish, turkmen, ukrainian, uppersorbian, welsh, loaded
.
(/usr/local/texlive/2011/texmf-dist/tex/latex/base/report.cls
Document Class: report 2007/10/19 v1.4h Standard LaTeX document class
(/usr/local/texlive/2011/texmf-dist/tex/latex/base/size10.clo
File: size10.clo 2007/10/19 v1.4h Standard LaTeX file (size option)
)
\c@part=\count79
\c@chapter=\count80
\c@section=\count81
\c@subsection=\count82
\c@subsubsection=\count83
\c@paragraph=\count84
\c@subparagraph=\count85
\c@figure=\count86
\c@table=\count87
\abovecaptionskip=\skip41
\belowcaptionskip=\skip42
\bibindent=\dimen102
)
(/usr/local/texlive/2011/texmf-dist/tex/latex/psnfss/mathptmx.sty
Package: mathptmx 2005/04/12 PSNFSS-v9.2a Times w/ Math, improved (SPQR, WaS) 
LaTeX Font Info:    Redeclaring symbol font `operators' on input line 28.
LaTeX Font Info:    Overwriting symbol font `operators' in version `normal'
(Font)                  OT1/cmr/m/n --> OT1/ztmcm/m/n on input line 28.
LaTeX Font Info:    Overwriting symbol font `operators' in version `bold'
(Font)                  OT1/cmr/bx/n --> OT1/ztmcm/m/n on input line 28.
LaTeX Font Info:    Redeclaring symbol font `letters' on input line 29.
LaTeX Font Info:    Overwriting symbol font `letters' in version `normal'
(Font)                  OML/cmm/m/it --> OML/ztmcm/m/it on input line 29.
LaTeX Font Info:    Overwriting symbol font `letters' in version `bold'
(Font)                  OML/cmm/b/it --> OML/ztmcm/m/it on input line 29.
LaTeX Font Info:    Redeclaring symbol font `symbols' on input line 30.
LaTeX Font Info:    Overwriting symbol font `symbols' in version `normal'
(Font)                  OMS/cmsy/m/n --> OMS/ztmcm/m/n on input line 30.
LaTeX Font Info:    Overwriting symbol font `symbols' in version `bold'
(Font)                  OMS/cmsy/b/n --> OMS/ztmcm/m/n on input line 30.
LaTeX Font Info:    Redeclaring symbol font `largesymbols' on input line 31.
LaTeX Font Info:    Overwriting symbol font `largesymbols' in version `normal'
(Font)                  OMX/cmex/m/n --> OMX/ztmcm/m/n on input line 31.
LaTeX Font Info:    Overwriting symbol font `largesymbols' in version `bold'
(Font)                  OMX/cmex/m/n --> OMX/ztmcm/m/n on input line 31.
\symbold=\mathgroup4
\symitalic=\mathgroup5
LaTeX Font Info:    Redeclaring math alphabet \mathbf on input line 34.
LaTeX Font Info:    Overwriting math alphabet `\mathbf' in version `normal'
(Font)                  OT1/cmr/bx/n --> OT1/ptm/bx/n on input line 34.
LaTeX Font Info:    Overwriting math alphabet `\mathbf' in version `bold'
(Font)                  OT1/cmr/bx/n --> OT1/ptm/bx/n on input line 34.
LaTeX Font Info:    Redeclaring math alphabet \mathit on input line 35.
LaTeX Font Info:    Overwriting math alphabet `\mathit' in version `normal'
(Font)                  OT1/cmr/m/it --> OT1/ptm/m/it on input line 35.
LaTeX Font Info:    Overwriting math alphabet `\mathit' in version `bold'
(Font)                  OT1/cmr/bx/it --> OT1/ptm/m/it on input line 35.
LaTeX Info: Redefining \hbar on input line 50.
)
(/usr/local/texlive/2011/texmf-dist/tex/latex/psnfss/helvet.sty
Package: helvet 2005/04/12 PSNFSS-v9.2a (WaS) 

(/usr/local/texlive/2011/texmf-dist/tex/latex/graphics/keyval.sty
Package: keyval 1999/03/16 v1.13 key=value parser (DPC)
\KV@toks@=\toks14
))
(/usr/local/texlive/2011/texmf-dist/tex/latex/base/fontenc.sty
Package: fontenc 2005/09/27 v1.99g Standard LaTeX package

(/usr/local/texlive/2011/texmf-dist/tex/latex/base/t1enc.def
File: t1enc.def 2005/09/27 v1.99g Standard LaTeX file
LaTeX Font Info:    Redeclaring font encoding T1 on input line 43.
))
(/usr/local/texlive/2011/texmf-dist/tex/latex/base/inputenc.sty
Package: inputenc 2008/03/30 v1.1d Input encoding file
\inpenc@prehook=\toks15
\inpenc@posthook=\toks16

(/usr/local/texlive/2011/texmf-dist/tex/latex/base/latin9.def
File: latin9.def 2008/03/30 v1.1d Input encoding file
))
(/usr/local/texlive/2011/texmf-dist/tex/latex/tools/verbatim.sty
Package: verbatim 2003/08/22 v1.5q LaTeX2e package for verbatim enhancements
\every@verbatim=\toks17
\verbatim@line=\toks18
\verbatim@in@stream=\read1
)
(/usr/local/texlive/2011/texmf-dist/tex/latex/wrapfig/wrapfig.sty
\wrapoverhang=\dimen103
\WF@size=\dimen104
\c@WF@wrappedlines=\count88
\WF@box=\box26
\WF@everypar=\toks19
Package: wrapfig 2003/01/31  v 3.6
)
(/usr/local/texlive/2011/texmf-dist/tex/latex/base/textcomp.sty
Package: textcomp 2005/09/27 v1.99g Standard LaTeX package
Package textcomp Info: Sub-encoding information:
(textcomp)               5 = only ISO-Adobe without \textcurrency
(textcomp)               4 = 5 + \texteuro
(textcomp)               3 = 4 + \textohm
(textcomp)               2 = 3 + \textestimated + \textcurrency
(textcomp)               1 = TS1 - \textcircled - \t
(textcomp)               0 = TS1 (full)
(textcomp)             Font families with sub-encoding setting implement
(textcomp)             only a restricted character set as indicated.
(textcomp)             Family '?' is the default used for unknown fonts.
(textcomp)             See the documentation for details.
Package textcomp Info: Setting ? sub-encoding to TS1/1 on input line 71.

(/usr/local/texlive/2011/texmf-dist/tex/latex/base/ts1enc.def
File: ts1enc.def 2001/06/05 v3.0e (jk/car/fm) Standard LaTeX file
)
LaTeX Info: Redefining \oldstylenums on input line 266.
Package textcomp Info: Setting cmr sub-encoding to TS1/0 on input line 281.
Package textcomp Info: Setting cmss sub-encoding to TS1/0 on input line 282.
Package textcomp Info: Setting cmtt sub-encoding to TS1/0 on input line 283.
Package textcomp Info: Setting cmvtt sub-encoding to TS1/0 on input line 284.
Package textcomp Info: Setting cmbr sub-encoding to TS1/0 on input line 285.
Package textcomp Info: Setting cmtl sub-encoding to TS1/0 on input line 286.
Package textcomp Info: Setting ccr sub-encoding to TS1/0 on input line 287.
Package textcomp Info: Setting ptm sub-encoding to TS1/4 on input line 288.
Package textcomp Info: Setting pcr sub-encoding to TS1/4 on input line 289.
Package textcomp Info: Setting phv sub-encoding to TS1/4 on input line 290.
Package textcomp Info: Setting ppl sub-encoding to TS1/3 on input line 291.
Package textcomp Info: Setting pag sub-encoding to TS1/4 on input line 292.
Package textcomp Info: Setting pbk sub-encoding to TS1/4 on input line 293.
Package textcomp Info: Setting pnc sub-encoding to TS1/4 on input line 294.
Package textcomp Info: Setting pzc sub-encoding to TS1/4 on input line 295.
Package textcomp Info: Setting bch sub-encoding to TS1/4 on input line 296.
Package textcomp Info: Setting put sub-encoding to TS1/5 on input line 297.
Package textcomp Info: Setting uag sub-encoding to TS1/5 on input line 298.
Package textcomp Info: Setting ugq sub-encoding to TS1/5 on input line 299.
Package textcomp Info: Setting ul8 sub-encoding to TS1/4 on input line 300.
Package textcomp Info: Setting ul9 sub-encoding to TS1/4 on input line 301.
Package textcomp Info: Setting augie sub-encoding to TS1/5 on input line 302.
Package textcomp Info: Setting dayrom sub-encoding to TS1/3 on input line 303.
Package textcomp Info: Setting dayroms sub-encoding to TS1/3 on input line 304.

Package textcomp Info: Setting pxr sub-encoding to TS1/0 on input line 305.
Package textcomp Info: Setting pxss sub-encoding to TS1/0 on input line 306.
Package textcomp Info: Setting pxtt sub-encoding to TS1/0 on input line 307.
Package textcomp Info: Setting txr sub-encoding to TS1/0 on input line 308.
Package textcomp Info: Setting txss sub-encoding to TS1/0 on input line 309.
Package textcomp Info: Setting txtt sub-encoding to TS1/0 on input line 310.
Package textcomp Info: Setting futs sub-encoding to TS1/4 on input line 311.
Package textcomp Info: Setting futx sub-encoding to TS1/4 on input line 312.
Package textcomp Info: Setting futj sub-encoding to TS1/4 on input line 313.
Package textcomp Info: Setting hlh sub-encoding to TS1/3 on input line 314.
Package textcomp Info: Setting hls sub-encoding to TS1/3 on input line 315.
Package textcomp Info: Setting hlst sub-encoding to TS1/3 on input line 316.
Package textcomp Info: Setting hlct sub-encoding to TS1/5 on input line 317.
Package textcomp Info: Setting hlx sub-encoding to TS1/5 on input line 318.
Package textcomp Info: Setting hlce sub-encoding to TS1/5 on input line 319.
Package textcomp Info: Setting hlcn sub-encoding to TS1/5 on input line 320.
Package textcomp Info: Setting hlcw sub-encoding to TS1/5 on input line 321.
Package textcomp Info: Setting hlcf sub-encoding to TS1/5 on input line 322.
Package textcomp Info: Setting pplx sub-encoding to TS1/3 on input line 323.
Package textcomp Info: Setting pplj sub-encoding to TS1/3 on input line 324.
Package textcomp Info: Setting ptmx sub-encoding to TS1/4 on input line 325.
Package textcomp Info: Setting ptmj sub-encoding to TS1/4 on input line 326.
)
(/usr/local/texlive/2011/texmf-dist/tex/latex/graphics/graphicx.sty
Package: graphicx 1999/02/16 v1.0f Enhanced LaTeX Graphics (DPC,SPQR)

(/usr/local/texlive/2011/texmf-dist/tex/latex/graphics/graphics.sty
Package: graphics 2009/02/05 v1.0o Standard LaTeX Graphics (DPC,SPQR)

(/usr/local/texlive/2011/texmf-dist/tex/latex/graphics/trig.sty
Package: trig 1999/03/16 v1.09 sin cos tan (DPC)
)
(/usr/local/texlive/2011/texmf-dist/tex/latex/latexconfig/graphics.cfg
File: graphics.cfg 2010/04/23 v1.9 graphics configuration of TeX Live
)
Package graphics Info: Driver file: pdftex.def on input line 91.

(/usr/local/texlive/2011/texmf-dist/tex/latex/pdftex-def/pdftex.def
File: pdftex.def 2011/05/27 v0.06d Graphics/color for pdfTeX

(/usr/local/texlive/2011/texmf-dist/tex/generic/oberdiek/infwarerr.sty
Package: infwarerr 2010/04/08 v1.3 Providing info/warning/message (HO)
)
(/usr/local/texlive/2011/texmf-dist/tex/generic/oberdiek/ltxcmds.sty
Package: ltxcmds 2011/04/18 v1.20 LaTeX kernel commands for general use (HO)
)
\Gread@gobject=\count89
))
\Gin@req@height=\dimen105
\Gin@req@width=\dimen106
)
(/usr/local/texlive/2011/texmf-dist/tex/latex/setspace/setspace.sty
Package: setspace 2000/12/01 6.7 Contributed and Supported LaTeX2e package

Package: `setspace' 6.7 <2000/12/01>
) (/usr/local/texlive/2011/texmf-dist/tex/latex/nomencl/nomencl.sty
Package: nomencl 2005/09/22 v4.2 Nomenclature package (LN)
\nomlabelwidth=\dimen107
\nom@tempdim=\dimen108
\nomitemsep=\skip43
)
\@nomenclaturefile=\write3
\openout3 = `thesis_chapter_1.nlo'.


Writing nomenclature file thesis_chapter_1.nlo
(./lyx_preamble.tex
(/usr/local/texlive/2011/texmf-dist/tex/latex/comment/comment.sty
\CommentStream=\write4

Excluding comment 'comment') Include comment 'comment'
(/usr/local/texlive/2011/texmf-dist/tex/latex/caption/caption.sty
Package: caption 2010/01/09 v3.1m Customizing captions (AR)

(/usr/local/texlive/2011/texmf-dist/tex/latex/caption/caption3.sty
Package: caption3 2010/01/14 v3.1m caption3 kernel (AR)
\captionmargin=\dimen109
\captionmargin@=\dimen110
\captionwidth=\dimen111
\caption@indent=\dimen112
\caption@parindent=\dimen113
\caption@hangindent=\dimen114
)
\c@ContinuedFloat=\count90
Package caption Info: wrapfig package is loaded.
)
(/usr/local/texlive/2011/texmf-dist/tex/latex/titlesec/titlesec.sty
Package: titlesec 2007/08/12 v2.8 Sectioning titles
\ttl@box=\box27
\beforetitleunit=\skip44
\aftertitleunit=\skip45
\ttl@plus=\dimen115
\ttl@minus=\dimen116
\ttl@toksa=\toks20
\titlewidth=\dimen117
\titlewidthlast=\dimen118
\titlewidthfirst=\dimen119
))
(/usr/local/texlive/2011/texmf-dist/tex/latex/geometry/geometry.sty
Package: geometry 2010/09/12 v5.6 Page Geometry

(/usr/local/texlive/2011/texmf-dist/tex/generic/oberdiek/ifpdf.sty
Package: ifpdf 2011/01/30 v2.3 Provides the ifpdf switch (HO)
Package ifpdf Info: pdfTeX in PDF mode is detected.
)
(/usr/local/texlive/2011/texmf-dist/tex/generic/oberdiek/ifvtex.sty
Package: ifvtex 2010/03/01 v1.5 Switches for detecting VTeX and its modes (HO)
Package ifvtex Info: VTeX not detected.
)
(/usr/local/texlive/2011/texmf-dist/tex/generic/ifxetex/ifxetex.sty
Package: ifxetex 2010/09/12 v0.6 Provides ifxetex conditional
)
\Gm@cnth=\count91
\Gm@cntv=\count92
\c@Gm@tempcnt=\count93
\Gm@bindingoffset=\dimen120
\Gm@wd@mp=\dimen121
\Gm@odd@mp=\dimen122
\Gm@even@mp=\dimen123
\Gm@layoutwidth=\dimen124
\Gm@layoutheight=\dimen125
\Gm@layouthoffset=\dimen126
\Gm@layoutvoffset=\dimen127
\Gm@dimlist=\toks21
)
(/usr/local/texlive/2011/texmf-dist/tex/latex/biblatex/biblatex.sty
Package: biblatex 2011/06/08 v1.5 programmable bibliographies

(/usr/local/texlive/2011/texmf-dist/tex/latex/etoolbox/etoolbox.sty
Package: etoolbox 2011/01/03 v2.1 e-TeX tools for LaTeX

(/usr/local/texlive/2011/texmf-dist/tex/latex/etex-pkg/etex.sty
Package: etex 1998/03/26 v2.0 eTeX basic definition package (PEB)
\et@xins=\count94
)
\etb@tempcnta=\count95
)
(/usr/local/texlive/2011/texmf-dist/tex/latex/logreq/logreq.sty
Package: logreq 2010/08/04 v1.0 xml request logger
\lrq@indent=\count96

(/usr/local/texlive/2011/texmf-dist/tex/latex/logreq/logreq.def
File: logreq.def 2010/08/04 v1.0 logreq spec v1.0
))
(/usr/local/texlive/2011/texmf-dist/tex/latex/base/ifthen.sty
Package: ifthen 2001/05/26 v1.1c Standard LaTeX ifthen package (DPC)
)
(/usr/local/texlive/2011/texmf-dist/tex/latex/url/url.sty
\Urlmuskip=\muskip10
Package: url 2006/04/12  ver 3.3  Verb mode for urls, etc.
)
\c@listtotal=\count97
\c@listcount=\count98
\c@liststart=\count99
\c@liststop=\count100
\c@citecount=\count101
\c@citetotal=\count102
\c@multicitecount=\count103
\c@multicitetotal=\count104
\c@instcount=\count105
\c@maxnames=\count106
\c@minnames=\count107
\c@maxitems=\count108
\c@minitems=\count109
\c@citecounter=\count110
\c@savedcitecounter=\count111
\c@uniquelist=\count112
\c@uniquename=\count113
\c@refsection=\count114
\c@refsegment=\count115
\c@maxextrayear=\count116
\c@maxextraalpha=\count117
\c@abbrvpenalty=\count118
\c@highnamepenalty=\count119
\c@lownamepenalty=\count120
\c@maxparens=\count121
\c@parenlevel=\count122
\blx@tempcnta=\count123
\blx@tempcntb=\count124
\blx@maxsection=\count125
\blx@maxsegment=\count126
\blx@notetype=\count127
\blx@parenlevel@text=\count128
\blx@parenlevel@foot=\count129
\labelnumberwidth=\skip46
\labelalphawidth=\skip47
\shorthandwidth=\skip48
\biblabelsep=\skip49
\bibitemsep=\skip50
\bibnamesep=\skip51
\bibinitsep=\skip52
\bibparsep=\skip53
\bibhang=\skip54
\blx@auxin=\read2
\blx@auxout=\write5
\c@labelname=\count130
\c@savedlabelname=\count131
\c@author=\count132
\c@savedauthor=\count133
\c@shortauthor=\count134
\c@savedshortauthor=\count135
\c@editor=\count136
\c@savededitor=\count137
\c@editora=\count138
\c@savededitora=\count139
\c@editorb=\count140
\c@savededitorb=\count141
\c@editorc=\count142
\c@savededitorc=\count143
\c@shorteditor=\count144
\c@savedshorteditor=\count145
\c@bookauthor=\count146
\c@savedbookauthor=\count147
\c@translator=\count148
\c@savedtranslator=\count149
\c@annotator=\count150
\c@savedannotator=\count151
\c@commentator=\count152
\c@savedcommentator=\count153
\c@introduction=\count154
\c@savedintroduction=\count155
\c@foreword=\count156
\c@savedforeword=\count157
\c@afterword=\count158
\c@savedafterword=\count159
\c@holder=\count160
\c@savedholder=\count161
\c@namea=\count162
\c@savednamea=\count163
\c@nameb=\count164
\c@savednameb=\count165
\c@namec=\count166
\c@savednamec=\count167
\c@institution=\count168
\c@savedinstitution=\count169
\c@language=\count170
\c@savedlanguage=\count171
\c@location=\count172
\c@savedlocation=\count173
\c@organization=\count174
\c@savedorganization=\count175
\c@origlocation=\count176
\c@savedoriglocation=\count177
\c@origpublisher=\count178
\c@savedorigpublisher=\count179
\c@pageref=\count180
\c@savedpageref=\count181
\c@publisher=\count182
\c@savedpublisher=\count183
\c@lista=\count184
\c@savedlista=\count185
\c@listb=\count186
\c@savedlistb=\count187
\c@listc=\count188
\c@savedlistc=\count189
\c@listd=\count190
\c@savedlistd=\count191
\c@liste=\count192
\c@savedliste=\count193
\c@listf=\count194
\c@savedlistf=\count195
Package biblatex Info: Trying to load compatibility code...
Package biblatex Info: ... file 'blx-compat.def' found.

(/usr/local/texlive/2011/texmf-dist/tex/latex/biblatex/blx-compat.def
File: blx-compat.def 2011/06/08 v1.5 biblatex generic compatibility
)
Package biblatex Info: Trying to load generic definitions...
Package biblatex Info: ... file 'biblatex.def' found.

(/usr/local/texlive/2011/texmf-dist/tex/latex/biblatex/biblatex.def
File: biblatex.def 2011/06/08 v1.5 biblatex generic definitions
\c@smartand=\count196
)
Package biblatex Info: Trying to load bibliography style 'numeric'...
Package biblatex Info: ... file 'numeric.bbx' found.

(/usr/local/texlive/2011/texmf-dist/tex/latex/biblatex/bbx/numeric.bbx
File: numeric.bbx 2011/06/08 v1.5 biblatex bibliography style
Package biblatex Info: Trying to load bibliography style 'standard'...
Package biblatex Info: ... file 'standard.bbx' found.

(/usr/local/texlive/2011/texmf-dist/tex/latex/biblatex/bbx/standard.bbx
File: standard.bbx 2011/06/08 v1.5 biblatex bibliography style
))
Package biblatex Info: Trying to load citation style 'numeric'...
Package biblatex Info: ... file 'numeric.cbx' found.

(/usr/local/texlive/2011/texmf-dist/tex/latex/biblatex/cbx/numeric.cbx
File: numeric.cbx 2011/06/08 v1.5 biblatex citation style
Package biblatex Info: Redefining '\cite'.
Package biblatex Info: Redefining '\parencite'.
Package biblatex Info: Redefining '\footcite'.
Package biblatex Info: Redefining '\footcitetext'.
Package biblatex Info: Redefining '\smartcite'.
Package biblatex Info: Redefining '\textcite'.
Package biblatex Info: Redefining '\supercite'.
Package biblatex Info: Redefining '\cites'.
Package biblatex Info: Redefining '\parencites'.
Package biblatex Info: Redefining '\smartcites'.
)
Package biblatex Info: Trying to load configuration file...
Package biblatex Info: ... file 'biblatex.cfg' found.

(/usr/local/texlive/2011/texmf-dist/tex/latex/biblatex/biblatex.cfg
File: biblatex.cfg 
))
(/usr/local/texlive/2011/texmf-dist/tex/generic/babel/babel.sty
Package: babel 2008/07/06 v3.8l The Babel package

(/usr/local/texlive/2011/texmf-dist/tex/generic/babel/english.ldf
Language: english 2005/03/30 v3.3o English support from the babel system

(/usr/local/texlive/2011/texmf-dist/tex/generic/babel/babel.def
File: babel.def 2008/07/06 v3.8l Babel common definitions
\babel@savecnt=\count197
\U@D=\dimen128
)
\l@canadian = a dialect from \language\l@american 
\l@australian = a dialect from \language\l@british 
\l@newzealand = a dialect from \language\l@british 
))
Package biblatex Info: Trying to load language 'british'...
Package biblatex Info: ... file 'british.lbx' found.

(/usr/local/texlive/2011/texmf-dist/tex/latex/biblatex/lbx/british.lbx
File: british.lbx 2011/06/08 v1.5 biblatex localization
Package biblatex Info: Trying to load language 'english'...
Package biblatex Info: ... file 'english.lbx' found.

(/usr/local/texlive/2011/texmf-dist/tex/latex/biblatex/lbx/english.lbx
File: english.lbx 2011/06/08 v1.5 biblatex localization
))

Package biblatex Warning: 'babel' detected but 'csquotes' missing.
(biblatex)                Loading 'csquotes' recommended.

\@quotelevel=\count198
\@quotereset=\count199
(./thesis_chapter_1.aux)
\openout1 = `thesis_chapter_1.aux'.

LaTeX Font Info:    Checking defaults for OML/cmm/m/it on input line 45.
LaTeX Font Info:    ... okay on input line 45.
LaTeX Font Info:    Checking defaults for T1/cmr/m/n on input line 45.
LaTeX Font Info:    ... okay on input line 45.
LaTeX Font Info:    Checking defaults for OT1/cmr/m/n on input line 45.
LaTeX Font Info:    ... okay on input line 45.
LaTeX Font Info:    Checking defaults for OMS/cmsy/m/n on input line 45.
LaTeX Font Info:    ... okay on input line 45.
LaTeX Font Info:    Checking defaults for OMX/cmex/m/n on input line 45.
LaTeX Font Info:    ... okay on input line 45.
LaTeX Font Info:    Checking defaults for U/cmr/m/n on input line 45.
LaTeX Font Info:    ... okay on input line 45.
LaTeX Font Info:    Checking defaults for TS1/cmr/m/n on input line 45.
LaTeX Font Info:    Try loading font information for TS1+cmr on input line 45.

(/usr/local/texlive/2011/texmf-dist/tex/latex/base/ts1cmr.fd
File: ts1cmr.fd 1999/05/25 v2.5h Standard LaTeX font definitions
)
LaTeX Font Info:    ... okay on input line 45.
LaTeX Font Info:    Checking defaults for LGR/cmr/m/n on input line 45.
LaTeX Font Info:    Try loading font information for LGR+cmr on input line 45.

(/usr/local/texlive/2011/texmf-dist/tex/generic/babel/lgrcmr.fd
File: lgrcmr.fd 2008/06/17 v2.3 Greek Computer Modern
)
LaTeX Font Info:    ... okay on input line 45.
LaTeX Font Info:    Try loading font information for T1+ptm on input line 45.

(/usr/local/texlive/2011/texmf-dist/tex/latex/psnfss/t1ptm.fd
File: t1ptm.fd 2001/06/04 font definitions for T1/ptm.
)
\big@size=\dimen129

(/usr/local/texlive/2011/texmf-dist/tex/context/base/supp-pdf.mkii
[Loading MPS to PDF converter (version 2006.09.02).]
\scratchcounter=\count200
\scratchdimen=\dimen130
\scratchbox=\box28
\nofMPsegments=\count201
\nofMParguments=\count202
\everyMPshowfont=\toks22
\MPscratchCnt=\count203
\MPscratchDim=\dimen131
\MPnumerator=\count204
\makeMPintoPDFobject=\count205
\everyMPtoPDFconversion=\toks23
) (/usr/local/texlive/2011/texmf-dist/tex/generic/oberdiek/pdftexcmds.sty
Package: pdftexcmds 2011/04/22 v0.16 Utilities of pdfTeX for LuaTeX (HO)

(/usr/local/texlive/2011/texmf-dist/tex/generic/oberdiek/ifluatex.sty
Package: ifluatex 2010/03/01 v1.3 Provides the ifluatex switch (HO)
Package ifluatex Info: LuaTeX not detected.
)
Package pdftexcmds Info: LuaTeX not detected.
Package pdftexcmds Info: \pdf@primitive is available.
Package pdftexcmds Info: \pdf@ifprimitive is available.
Package pdftexcmds Info: \pdfdraftmode found.
)
(/usr/local/texlive/2011/texmf-dist/tex/latex/oberdiek/epstopdf-base.sty
Package: epstopdf-base 2010/02/09 v2.5 Base part for package epstopdf

(/usr/local/texlive/2011/texmf-dist/tex/latex/oberdiek/grfext.sty
Package: grfext 2010/08/19 v1.1 Managing graphics extensions (HO)

(/usr/local/texlive/2011/texmf-dist/tex/generic/oberdiek/kvdefinekeys.sty
Package: kvdefinekeys 2011/04/07 v1.3 Defining keys (HO)
))
(/usr/local/texlive/2011/texmf-dist/tex/latex/oberdiek/kvoptions.sty
Package: kvoptions 2010/12/23 v3.10 Keyval support for LaTeX options (HO)

(/usr/local/texlive/2011/texmf-dist/tex/generic/oberdiek/kvsetkeys.sty
Package: kvsetkeys 2011/04/07 v1.13 Key value parser (HO)

(/usr/local/texlive/2011/texmf-dist/tex/generic/oberdiek/etexcmds.sty
Package: etexcmds 2011/02/16 v1.5 Prefix for e-TeX command names (HO)
Package etexcmds Info: Could not find \expanded.
(etexcmds)             That can mean that you are not using pdfTeX 1.50 or
(etexcmds)             that some package has redefined \expanded.
(etexcmds)             In the latter case, load this package earlier.
)))
Package grfext Info: Graphics extension search list:
(grfext)             [.png,.pdf,.jpg,.mps,.jpeg,.jbig2,.jb2,.PNG,.PDF,.JPG,.JPE
G,.JBIG2,.JB2,.eps]
(grfext)             \AppendGraphicsExtensions on input line 452.

(/usr/local/texlive/2011/texmf-dist/tex/latex/latexconfig/epstopdf-sys.cfg
File: epstopdf-sys.cfg 2010/07/13 v1.3 Configuration of (r)epstopdf for TeX Liv
e
))
Package caption Info: Begin \AtBeginDocument code.
Package caption Info: End \AtBeginDocument code.

*geometry* driver: auto-detecting
*geometry* detected driver: pdftex
*geometry* verbose mode - [ preamble ] result:
* driver: pdftex
* paper: a3paper
* layout: <same size as paper>
* layoutoffset:(h,v)=(0.0pt,0.0pt)
* modes: landscape 
* h-part:(L,W,R)=(597.50787pt, 418.2537pt, 179.25418pt)
* v-part:(T,H,B)=(101.40665pt, 591.5302pt, 152.11pt)
* \paperwidth=1195.01575pt
* \paperheight=845.04684pt
* \textwidth=418.2537pt
* \textheight=591.5302pt
* \oddsidemargin=525.23788pt
* \evensidemargin=525.23788pt
* \topmargin=-7.86334pt
* \headheight=12.0pt
* \headsep=25.0pt
* \topskip=10.0pt
* \footskip=30.0pt
* \marginparwidth=418.2537pt
* \marginparsep=28.45274pt
* \columnsep=10.0pt
* \skip\footins=9.0pt plus 4.0pt minus 2.0pt
* \hoffset=0.0pt
* \voffset=0.0pt
* \mag=1000
* \@twocolumnfalse
* \@twosidefalse
* \@mparswitchfalse
* \@reversemargintrue
* (1in=72.27pt=25.4mm, 1cm=28.453pt)

Package biblatex Info: Input encoding 'latin9' detected.
Package biblatex Info: Automatic encoding selection.
(biblatex)             Assuming data encoding 'latin9'.

Package biblatex Warning: Data encoding is 'latin9'.
(biblatex)                Use backend=bibtex8 or backend=biber.

\openout5 = `thesis_chapter_1-blx.bib'.

Package biblatex Info: Trying to load bibliographic data...
Package biblatex Info: ... file 'thesis_chapter_1.bbl' not found.
No file thesis_chapter_1.bbl.
Package biblatex Info: Reference section=0 on input line 45.
Package biblatex Info: Reference segment=0 on input line 45.
Chapter 1.
LaTeX Font Info:    Try loading font information for T1+phv on input line 47.
(/usr/local/texlive/2011/texmf-dist/tex/latex/psnfss/t1phv.fd
File: t1phv.fd 2001/06/04 scalable font definitions for T1/phv.
)
LaTeX Font Info:    Font shape `T1/phv/bx/n' in size <10> not available
(Font)              Font shape `T1/phv/b/n' tried instead on input line 47.
LaTeX Font Info:    Font shape `T1/phv/bx/n' in size <20.74> not available
(Font)              Font shape `T1/phv/b/n' tried instead on input line 47.
LaTeX Font Info:    Font shape `T1/phv/bx/n' in size <24.88> not available
(Font)              Font shape `T1/phv/b/n' tried instead on input line 47.


LaTeX Warning: Citation 'Annunziato2008' on page 1 undefined on input line 50.

LaTeX Font Info:    Font shape `T1/ptm/bx/n' in size <10> not available
(Font)              Font shape `T1/ptm/b/n' tried instead on input line 50.

LaTeX Warning: Citation 'Annunziato2008' on page 1 undefined on input line 50.

LaTeX Font Info:    Font shape `T1/phv/bx/n' in size <14.4> not available
(Font)              Font shape `T1/phv/b/n' tried instead on input line 63.

LaTeX Warning: Citation 'Heitz1928' on page 1 undefined on input line 69.


LaTeX Warning: Citation 'Finlan2008' on page 1 undefined on input line 81.


LaTeX Warning: Citation 'Reddy2008' on page 1 undefined on input line 81.


LaTeX Warning: Citation 'Kumaran2008' on page 1 undefined on input line 82.


LaTeX Warning: Citation 'Chesterton1974' on page 1 undefined on input line 85.


Overfull \hbox (15.19176pt too wide) in paragraph at lines 71--88
[]\T1/ptm/m/n/10 Heterochromatin stains darkly be-cause it re-mains highly con-
densed dur-ing in-terphase, typ-ic-ally re-lo-cat-ing
 []

[1


{/usr/local/texlive/2011/texmf-var/fonts/map/pdftex/updmap/pdftex.map}]
LaTeX Font Info:    Font shape `T1/phv/bx/n' in size <12> not available
(Font)              Font shape `T1/phv/b/n' tried instead on input line 97.

<"figures/chapter 1/Nucleosome_1KX5_colour_coded".png, id=10, 1626.075pt x 1626
.075pt>
File: "figures/chapter 1/Nucleosome_1KX5_colour_coded".png Graphic file (type p
ng)
 <use "figures/chapter 1/Nucleosome_1KX5_colour_coded".png>
Package pdftex.def Info: "figures/chapter 1/Nucleosome_1KX5_colour_coded".png u
sed on input line 101.
(pdftex.def)             Requested size: 167.29892pt x 167.28165pt.
LaTeX Font Info:    Font shape `T1/phv/bx/n' in size <9> not available
(Font)              Font shape `T1/phv/b/n' tried instead on input line 107.


LaTeX Warning: Citation 'Davey2002' on page 2 undefined on input line 107.

LaTeX Font Info:    Font shape `T1/ptm/bx/n' in size <9> not available
(Font)              Font shape `T1/ptm/b/n' tried instead on input line 107.

LaTeX Warning: Citation 'Davey2002' on page 2 undefined on input line 107.


Underfull \hbox (badness 10000) in paragraph at lines 107--107
[]\T1/phv/b/n/9 Figure 1.1 \T1/phv/m/n/9 ^^U |[]\T1/phv/b/n/9 Struc-ture of the

 []


Underfull \hbox (badness 1997) in paragraph at lines 107--107
\T1/phv/b/n/9 nuc-le-osome. \T1/phv/m/n/9 X Ray Struc-ture of a
 []


Underfull \hbox (badness 2529) in paragraph at lines 107--107
\T1/phv/m/n/9 of 1.9Å. DNA can be seen wrapped
 []


LaTeX Warning: Citation 'Davey2002' on page 2 undefined on input line 113.


LaTeX Warning: Citation 'Wolffe1999a' on page 2 undefined on input line 125.


LaTeX Warning: Citation 'Strahl2000a' on page 2 undefined on input line 128.


LaTeX Warning: Citation 'Zhou2011' on page 2 undefined on input line 132.

[2 <./figures/chapter 1/Nucleosome_1KX5_colour_coded.png>]

LaTeX Warning: Citation 'Heintzman2007' on page 3 undefined on input line 142.


LaTeX Warning: Citation 'Ernst2010' on page 3 undefined on input line 142.


LaTeX Warning: Citation 'Hon2009' on page 3 undefined on input line 142.


LaTeX Warning: Citation 'Ernst2011' on page 3 undefined on input line 145.


Overfull \hbox (20.45233pt too wide) in paragraph at lines 134--151
\T1/ptm/m/n/10 un-der-stand-ing of how these marks af-fect chro-matin bio-logy 
on a genome-wide scale has ad-vanced dra-mat-ic-ally.
 []

<"figures/chapter 1/nrg2905-f4".jpg, id=17, 752.8125pt x 371.3875pt>
File: "figures/chapter 1/nrg2905-f4".jpg Graphic file (type jpg)

<use "figures/chapter 1/nrg2905-f4".jpg>
Package pdftex.def Info: "figures/chapter 1/nrg2905-f4".jpg used on input line 
153.
(pdftex.def)             Requested size: 334.60422pt x 165.07707pt.


LaTeX Warning: Citation 'Zhou2011' on page 3 undefined on input line 158.


LaTeX Warning: Citation 'Zhou2011' on page 3 undefined on input line 158.


LaTeX Warning: Citation 'Talbert2010' on page 3 undefined on input line 170.

[3 <./figures/chapter 1/nrg2905-f4.jpg>]

LaTeX Warning: Citation 'Dunleavy2009' on page 4 undefined on input line 176.


LaTeX Warning: Citation 'Foltz2009' on page 4 undefined on input line 176.


LaTeX Warning: Citation 'Talbert2010' on page 4 undefined on input line 180.


LaTeX Warning: Citation 'Schwartz2005' on page 4 undefined on input line 183.


LaTeX Warning: Citation 'Schwartz2005' on page 4 undefined on input line 184.


LaTeX Warning: Citation 'Talbert2010' on page 4 undefined on input line 187.


LaTeX Warning: Citation 'Zlatanova2008' on page 4 undefined on input line 192.


LaTeX Warning: Citation 'Adam2001' on page 4 undefined on input line 193.

[4]

LaTeX Warning: Citation 'Cremer2001' on page 5 undefined on input line 251.


LaTeX Warning: Citation 'Rabl1885' on page 5 undefined on input line 253.


LaTeX Warning: Citation 'Stack1977' on page 5 undefined on input line 255.


LaTeX Warning: Citation 'Cremer1982' on page 5 undefined on input line 258.


LaTeX Warning: Citation 'Schardin1985a' on page 5 undefined on input line 262.


LaTeX Warning: Citation 'Manuelidis1985' on page 5 undefined on input line 262.



Overfull \hbox (3.82553pt too wide) in paragraph at lines 248--263
\T1/ptm/m/n/10 they re-tain some de-gree of struc-ture, form-ing \T1/ptm/m/it/1
0 chro-mo-some ter-rit-or-ies \T1/ptm/m/n/10 ([]CTs) [[]]. Cir-cum-stan-tial
 []

[5]

LaTeX Warning: Citation 'Sun2000' on page 6 undefined on input line 267.


LaTeX Warning: Citation 'Cremer2001b' on page 6 undefined on input line 267.


LaTeX Warning: Citation 'Cremer2001b' on page 6 undefined on input line 267.


LaTeX Warning: Citation 'Croft1999' on page 6 undefined on input line 267.


LaTeX Warning: Citation 'Visser1998' on page 6 undefined on input line 268.


LaTeX Warning: Citation 'Tanabe2002' on page 6 undefined on input line 271.


LaTeX Warning: Citation 'Parada2004b' on page 6 undefined on input line 272.


Overfull \hbox (11.55206pt too wide) in paragraph at lines 264--273
\T1/ptm/m/n/10 con-ser-va-tion of CT po-s-i-tion-ing through evol-u-tion [[]] a
nd shown tis-sue spe-cificity in chro-mo-some
 []


LaTeX Warning: Citation 'Kosak2002' on page 6 undefined on input line 275.


LaTeX Warning: Citation 'Dietzel2004' on page 6 undefined on input line 275.


LaTeX Warning: Citation 'Zink2004a' on page 6 undefined on input line 275.


LaTeX Warning: Citation 'Finlan2008' on page 6 undefined on input line 279.


LaTeX Warning: Citation 'Reddy2008' on page 6 undefined on input line 279.


LaTeX Warning: Citation 'Finlan2008' on page 6 undefined on input line 283.


LaTeX Warning: Citation 'Croft1999' on page 6 undefined on input line 287.


LaTeX Warning: Citation 'Stadler2004' on page 6 undefined on input line 288.


LaTeX Warning: Citation 'Harewood2010' on page 6 undefined on input line 290.


LaTeX Warning: Citation 'Harewood2010' on page 6 undefined on input line 293.


Overfull \hbox (23.04411pt too wide) in paragraph at lines 274--294
\T1/ptm/m/n/10 deacetylases [[]]. Whilst these stud-ies sug-gest that it is nuc
-lear po-s-i-tion-ing that leads to tran-scrip-tional
 []


Overfull \hbox (27.32468pt too wide) in paragraph at lines 274--294
\T1/ptm/m/n/10 cell dif-fer-en-ti-ation [[]]. In-ter-est-ingly, de-riv-at-ive c
hro-mo-somes that res-ult from bal-anced trans-lo-ca-tions
 []


LaTeX Warning: Citation 'Jackson1993a' on page 6 undefined on input line 308.


LaTeX Warning: Citation 'Osborne2004' on page 6 undefined on input line 308.


LaTeX Warning: Citation 'Eskiw2008a' on page 6 undefined on input line 308.

[6]

LaTeX Warning: Citation 'Jackson1993a' on page 7 undefined on input line 317.


LaTeX Warning: Citation 'Iborra1996' on page 7 undefined on input line 319.


LaTeX Warning: Citation 'Grande1997' on page 7 undefined on input line 319.


LaTeX Warning: Citation 'Eskiw2008a' on page 7 undefined on input line 328.


Overfull \hbox (5.68199pt too wide) in paragraph at lines 312--329
\T1/ptm/m/n/10 phos-phor-ous atoms without la-belling, and fluor-es-cence light
 mi-cro-scopy can visu-al-ise tran-scrip-tion through
 []


<"figures/chapter 1/transcription factories/transcription-factories".pdf, id=30
, 240.9pt x 369.38pt>
File: "figures/chapter 1/transcription factories/transcription-factories".pdf G
raphic file (type pdf)

<use "figures/chapter 1/transcription factories/transcription-factories".pdf>
Package pdftex.def Info: "figures/chapter 1/transcription factories/transcripti
on-factories".pdf used on input line 332.
(pdftex.def)             Requested size: 125.47737pt x 192.39433pt.
LaTeX Font Info:    Font shape `T1/phv/m/it' in size <9> not available
(Font)              Font shape `T1/phv/m/sl' tried instead on input line 342.


LaTeX Warning: Citation 'Cook1999' on page 7 undefined on input line 342.


LaTeX Warning: Citation 'Cook1999' on page 7 undefined on input line 342.


Underfull \hbox (badness 10000) in paragraph at lines 342--342
[]\T1/phv/b/n/9 Figure 1.3 \T1/phv/m/n/9 ^^U |[] \T1/phv/b/n/9 Nas-cent RNA
 []


Underfull \hbox (badness 5533) in paragraph at lines 342--342
\T1/phv/m/n/9 Tran-scrip-tion foci in HeLa cells,
 []


Underfull \hbox (badness 2103) in paragraph at lines 342--342
\T1/phv/m/n/9 foci. (B) Model for a nuc-le-olar
 []


Underfull \hbox (badness 1859) in paragraph at lines 342--342
\T1/phv/m/n/9 fact-ory, show-ing a tran-script with
 []


Underfull \hbox (badness 1122) in paragraph at lines 342--342
\T1/phv/m/n/9 a nuc-le-o-plas-mic fact-ory. Mul-tiple
 []


Underfull \hbox (badness 4846) in paragraph at lines 342--342
\T1/phv/m/n/9 tran-scribed re-gions each with a
 []


Underfull \hbox (badness 10000) in paragraph at lines 342--342
\T1/phv/m/n/9 single poly-merase gen-er-ate a
 []


Underfull \hbox (badness 1558) in paragraph at lines 342--342
\T1/phv/m/n/9 Taken from Cook \T1/phv/m/sl/9 et al.\T1/phv/m/n/9 , Sci-ence
 []


LaTeX Warning: Citation 'Jackson1981' on page 7 undefined on input line 347.


LaTeX Warning: Citation 'Cook1999' on page 7 undefined on input line 349.

LaTeX Font Info:    Try loading font information for TS1+ptm on input line 356.

(/usr/local/texlive/2011/texmf-dist/tex/latex/psnfss/ts1ptm.fd
File: ts1ptm.fd 2001/06/04 font definitions for TS1/ptm.
)

LaTeX Warning: Citation 'Carter2008' on page 7 undefined on input line 358.


LaTeX Warning: Citation 'Iborra1996' on page 7 undefined on input line 362.


LaTeX Warning: Citation 'Cook1999' on page 7 undefined on input line 362.


Underfull \hbox (badness 1215) in paragraph at lines 346--365
\T1/ptm/m/n/10 as 1981 by Jack-son and col-leagues [[]] and the
 []


Underfull \hbox (badness 1400) in paragraph at lines 346--365
\T1/ptm/m/n/10 visu-al-isa-tion of tran-scrip-tion factor-ies has de-man-ded a 
new
 []

[7 <./figures/chapter 1/transcription factories/transcription-factories.pdf>]

LaTeX Warning: Citation 'Jackson1998' on page 8 undefined on input line 369.


LaTeX Warning: Citation 'Jackson1998' on page 8 undefined on input line 372.


LaTeX Warning: Citation 'Osborne2004' on page 8 undefined on input line 379.


LaTeX Warning: Citation 'Osborne2004' on page 8 undefined on input line 385.


LaTeX Warning: Citation 'Jackson1998' on page 8 undefined on input line 385.


LaTeX Warning: Citation 'Schoenfelder2010' on page 8 undefined on input line 39
0.

[8]

LaTeX Warning: Citation 'Papantonis2010' on page 9 undefined on input line 421.


LaTeX Font Info:    Try loading font information for OT1+ztmcm on input line 42
7.
(/usr/local/texlive/2011/texmf-dist/tex/latex/psnfss/ot1ztmcm.fd
File: ot1ztmcm.fd 2000/01/03 Fontinst v1.801 font definitions for OT1/ztmcm.
)
LaTeX Font Info:    Try loading font information for OML+ztmcm on input line 42
7.

(/usr/local/texlive/2011/texmf-dist/tex/latex/psnfss/omlztmcm.fd
File: omlztmcm.fd 2000/01/03 Fontinst v1.801 font definitions for OML/ztmcm.
)
LaTeX Font Info:    Try loading font information for OMS+ztmcm on input line 42
7.

(/usr/local/texlive/2011/texmf-dist/tex/latex/psnfss/omsztmcm.fd
File: omsztmcm.fd 2000/01/03 Fontinst v1.801 font definitions for OMS/ztmcm.
)
LaTeX Font Info:    Try loading font information for OMX+ztmcm on input line 42
7.

(/usr/local/texlive/2011/texmf-dist/tex/latex/psnfss/omxztmcm.fd
File: omxztmcm.fd 2000/01/03 Fontinst v1.801 font definitions for OMX/ztmcm.
)
LaTeX Font Info:    Try loading font information for OT1+ptm on input line 427.


(/usr/local/texlive/2011/texmf-dist/tex/latex/psnfss/ot1ptm.fd
File: ot1ptm.fd 2001/06/04 font definitions for OT1/ptm.
)
LaTeX Font Info:    Font shape `OT1/ptm/bx/n' in size <10> not available
(Font)              Font shape `OT1/ptm/b/n' tried instead on input line 427.
LaTeX Font Info:    Font shape `OT1/ptm/bx/n' in size <7.4> not available
(Font)              Font shape `OT1/ptm/b/n' tried instead on input line 427.
LaTeX Font Info:    Font shape `OT1/ptm/bx/n' in size <6> not available
(Font)              Font shape `OT1/ptm/b/n' tried instead on input line 427.


LaTeX Warning: Citation 'Jackson1981' on page 9 undefined on input line 430.


Overfull \hbox (14.36186pt too wide) in paragraph at lines 426--431
\T1/ptm/m/n/10 re-mained within the nuc-leus when loops of DNA were re-moved us
-ing a nuc-le-ase, sug-gest-ing that tran-scrip-tion
 []

[9]
LaTeX Font Info:    Font shape `T1/phv/bx/it' in size <12> not available
(Font)              Font shape `T1/phv/b/it' tried instead on input line 455.
LaTeX Font Info:    Font shape `T1/phv/b/it' in size <12> not available
(Font)              Font shape `T1/phv/b/sl' tried instead on input line 455.


LaTeX Warning: Citation 'Parada2004b' on page 10 undefined on input line 476.


Overfull \hbox (5.8117pt too wide) in paragraph at lines 487--494
\T1/ptm/m/n/10 part-ner se-lec-tion can't be com-pletely ran-dom. Hy-po-thesis 
and aims: that spe-cific gene pairs are pre-dis-posed
 []

[10] (./thesis_chapter_1.aux)

LaTeX Warning: There were undefined references.


Package biblatex Warning: Please (re)run BibTeX on the file(s):
(biblatex)                thesis_chapter_1
(biblatex)                and rerun LaTeX afterwards.

Package logreq Info: Writing requests to 'thesis_chapter_1.run.xml'.
\openout1 = `thesis_chapter_1.run.xml'.

 ) 
Here is how much of TeX's memory you used:
 9260 strings out of 493633
 149156 string characters out of 3143378
 301929 words of memory out of 3000000
 12381 multiletter control sequences out of 15000+200000
 55951 words of font info for 65 fonts, out of 3000000 for 9000
 831 hyphenation exceptions out of 8191
 38i,5n,43p,856b,1265s stack positions out of 5000i,500n,10000p,200000b,50000s
{/usr/local/texlive/2011/texmf-dist/fonts/enc/dvips/base/8r.enc}</usr/local/t
exlive/2011/texmf-dist/fonts/type1/public/cbfonts/grmn1000.pfb></usr/local/texl
ive/2011/texmf-dist/fonts/type1/urw/helvetic/uhvb8a.pfb></usr/local/texlive/201
1/texmf-dist/fonts/type1/urw/helvetic/uhvbo8a.pfb></usr/local/texlive/2011/texm
f-dist/fonts/type1/urw/helvetic/uhvr8a.pfb></usr/local/texlive/2011/texmf-dist/
fonts/type1/urw/helvetic/uhvro8a.pfb></usr/local/texlive/2011/texmf-dist/fonts/
type1/urw/times/utmb8a.pfb></usr/local/texlive/2011/texmf-dist/fonts/type1/urw/
times/utmr8a.pfb></usr/local/texlive/2011/texmf-dist/fonts/type1/urw/times/utmr
i8a.pfb>
Output written on thesis_chapter_1.pdf (10 pages, 2755551 bytes).
PDF statistics:
 81 PDF objects out of 1000 (max. 8388607)
 54 compressed objects within 1 object stream
 0 named destinations out of 1000 (max. 500000)
 16 words of extra memory for PDF output out of 10000 (max. 10000000)

